<?xml version="1.0"?>
<!DOCTYPE coverage SYSTEM "http://cobertura.sourceforge.net/xml/coverage-04.dtd">

<coverage line-rate="0.7348017621145374" branch-rate="0.6067415730337079" lines-covered="834" lines-valid="1135" branches-covered="162" branches-valid="267" complexity="1.6271929824561404" version="2.0.3" timestamp="1526826646884">
	<sources>
		<source>--source</source>
		<source>C:/Users/Markel/git/BSPQ18-E6/src/main/java</source>
		<source>C:/Users/Markel/git/BSPQ18-E6/target/generated-sources/annotations</source>
	</sources>
	<packages>
		<package name="es.deusto.bspq18.e6.DeustoBox.Client.controller" line-rate="0.3333333333333333" branch-rate="0.1" complexity="3.0">
			<classes>
				<class name="es.deusto.bspq18.e6.DeustoBox.Client.controller.Controller" filename="es/deusto/bspq18/e6/DeustoBox/Client/controller/Controller.java" line-rate="0.3333333333333333" branch-rate="0.1" complexity="3.0">
					<methods>
						<method name="&lt;init&gt;" signature="([Ljava/lang/String;I)V" line-rate="0.8571428571428571" branch-rate="0.3333333333333333">
							<lines>
								<line number="41" hits="40" branch="false"/>
								<line number="42" hits="40" branch="true" condition-coverage="50% (1/2)">
									<conditions>
										<condition number="0" type="jump" coverage="50%"/>
									</conditions>
								</line>
								<line number="43" hits="40" branch="false"/>
								<line number="44" hits="16" branch="true" condition-coverage="0% (0/2)">
									<conditions>
										<condition number="0" type="jump" coverage="0%"/>
									</conditions>
								</line>
								<line number="45" hits="0" branch="false"/>
								<line number="47" hits="40" branch="true" condition-coverage="50% (1/2)">
									<conditions>
										<condition number="0" type="jump" coverage="50%"/>
									</conditions>
								</line>
								<line number="48" hits="0" branch="false"/>
								<line number="50" hits="40" branch="false"/>
								<line number="51" hits="40" branch="false"/>
								<line number="52" hits="40" branch="false"/>
								<line number="53" hits="40" branch="false"/>
								<line number="54" hits="40" branch="false"/>
								<line number="55" hits="40" branch="false"/>
								<line number="57" hits="40" branch="false"/>
							</lines>
						</method>
						<method name="addMessage" signature="(Ljava/lang/String;Ljava/lang/String;Ljava/lang/String;Ljava/lang/String;)Z" line-rate="0.8888888888888888" branch-rate="1.0">
							<lines>
								<line number="321" hits="5" branch="false"/>
								<line number="322" hits="5" branch="false"/>
								<line number="324" hits="5" branch="false"/>
								<line number="325" hits="5" branch="false"/>
								<line number="326" hits="5" branch="false"/>
								<line number="327" hits="5" branch="false"/>
								<line number="328" hits="3" branch="false"/>
								<line number="329" hits="0" branch="false"/>
								<line number="330" hits="5" branch="false"/>
							</lines>
						</method>
						<method name="deleteMessage" signature="(I)Z" line-rate="0.0" branch-rate="1.0">
							<lines>
								<line number="398" hits="0" branch="false"/>
								<line number="401" hits="0" branch="false"/>
								<line number="402" hits="0" branch="false"/>
								<line number="404" hits="0" branch="false"/>
								<line number="405" hits="0" branch="false"/>
								<line number="407" hits="0" branch="false"/>
							</lines>
						</method>
						<method name="downloadMessages" signature="(Ljava/lang/String;)Ljava/util/ArrayList;" line-rate="0.8333333333333334" branch-rate="1.0">
							<lines>
								<line number="338" hits="7" branch="false"/>
								<line number="340" hits="7" branch="false"/>
								<line number="341" hits="4" branch="false"/>
								<line number="342" hits="0" branch="false"/>
								<line number="343" hits="3" branch="false"/>
								<line number="345" hits="7" branch="false"/>
							</lines>
						</method>
						<method name="getConnections" signature="(Ljava/lang/String;)Ljava/util/ArrayList;" line-rate="0.8333333333333334" branch-rate="1.0">
							<lines>
								<line number="302" hits="5" branch="false"/>
								<line number="304" hits="5" branch="false"/>
								<line number="305" hits="2" branch="false"/>
								<line number="306" hits="0" branch="false"/>
								<line number="307" hits="3" branch="false"/>
								<line number="308" hits="5" branch="false"/>
							</lines>
						</method>
						<method name="getFiles" signature="()V" line-rate="0.0" branch-rate="0.0">
							<lines>
								<line number="111" hits="0" branch="false"/>
								<line number="112" hits="0" branch="true" condition-coverage="0% (0/2)">
									<conditions>
										<condition number="0" type="jump" coverage="0%"/>
									</conditions>
								</line>
								<line number="113" hits="0" branch="false"/>
								<line number="115" hits="0" branch="true" condition-coverage="0% (0/2)">
									<conditions>
										<condition number="0" type="jump" coverage="0%"/>
									</conditions>
								</line>
								<line number="116" hits="0" branch="false"/>
								<line number="117" hits="0" branch="false"/>
								<line number="118" hits="0" branch="false"/>
								<line number="121" hits="0" branch="false"/>
								<line number="122" hits="0" branch="false"/>
								<line number="123" hits="0" branch="false"/>
								<line number="124" hits="0" branch="false"/>
								<line number="127" hits="0" branch="false"/>
								<line number="128" hits="0" branch="false"/>
								<line number="129" hits="0" branch="false"/>
								<line number="130" hits="0" branch="true" condition-coverage="0% (0/2)">
									<conditions>
										<condition number="0" type="jump" coverage="0%"/>
									</conditions>
								</line>
								<line number="131" hits="0" branch="false"/>
								<line number="132" hits="0" branch="false"/>
								<line number="134" hits="0" branch="false"/>
								<line number="135" hits="0" branch="false"/>
								<line number="136" hits="0" branch="false"/>
								<line number="138" hits="0" branch="false"/>
								<line number="139" hits="0" branch="false"/>
								<line number="140" hits="0" branch="false"/>
							</lines>
						</method>
						<method name="getListOfFiles" signature="(Ljava/lang/String;)I" line-rate="0.7142857142857143" branch-rate="1.0">
							<lines>
								<line number="148" hits="3" branch="false"/>
								<line number="150" hits="3" branch="false"/>
								<line number="151" hits="0" branch="false"/>
								<line number="152" hits="3" branch="false"/>
								<line number="153" hits="3" branch="false"/>
								<line number="154" hits="0" branch="false"/>
								<line number="155" hits="3" branch="false"/>
							</lines>
						</method>
						<method name="getListOfUnknownFiles" signature="()V" line-rate="0.0" branch-rate="0.0">
							<lines>
								<line number="162" hits="0" branch="false"/>
								<line number="163" hits="0" branch="false"/>
								<line number="167" hits="0" branch="false"/>
								<line number="168" hits="0" branch="false"/>
								<line number="172" hits="0" branch="true" condition-coverage="0% (0/2)">
									<conditions>
										<condition number="0" type="jump" coverage="0%"/>
									</conditions>
								</line>
								<line number="173" hits="0" branch="false"/>
								<line number="174" hits="0" branch="false"/>
								<line number="175" hits="0" branch="false"/>
								<line number="177" hits="0" branch="false"/>
								<line number="178" hits="0" branch="false"/>
								<line number="179" hits="0" branch="true" condition-coverage="0% (0/2)">
									<conditions>
										<condition number="0" type="jump" coverage="0%"/>
									</conditions>
								</line>
								<line number="180" hits="0" branch="false"/>
								<line number="181" hits="0" branch="false"/>
								<line number="183" hits="0" branch="false"/>
								<line number="184" hits="0" branch="true" condition-coverage="0% (0/2)">
									<conditions>
										<condition number="0" type="jump" coverage="0%"/>
									</conditions>
								</line>
								<line number="185" hits="0" branch="true" condition-coverage="0% (0/2)">
									<conditions>
										<condition number="0" type="jump" coverage="0%"/>
									</conditions>
								</line>
								<line number="186" hits="0" branch="true" condition-coverage="0% (0/2)">
									<conditions>
										<condition number="0" type="jump" coverage="0%"/>
									</conditions>
								</line>
								<line number="187" hits="0" branch="false"/>
								<line number="193" hits="0" branch="true" condition-coverage="0% (0/2)">
									<conditions>
										<condition number="0" type="jump" coverage="0%"/>
									</conditions>
								</line>
								<line number="194" hits="0" branch="false"/>
								<line number="197" hits="0" branch="true" condition-coverage="0% (0/2)">
									<conditions>
										<condition number="0" type="jump" coverage="0%"/>
									</conditions>
								</line>
								<line number="198" hits="0" branch="false"/>
								<line number="199" hits="0" branch="false"/>
								<line number="202" hits="0" branch="false"/>
								<line number="203" hits="0" branch="false"/>
								<line number="206" hits="0" branch="false"/>
								<line number="207" hits="0" branch="false"/>
								<line number="211" hits="0" branch="false"/>
								<line number="212" hits="0" branch="true" condition-coverage="0% (0/2)">
									<conditions>
										<condition number="0" type="jump" coverage="0%"/>
									</conditions>
								</line>
								<line number="213" hits="0" branch="false"/>
								<line number="214" hits="0" branch="true" condition-coverage="0% (0/2)">
									<conditions>
										<condition number="0" type="jump" coverage="0%"/>
									</conditions>
								</line>
								<line number="216" hits="0" branch="true" condition-coverage="0% (0/2)">
									<conditions>
										<condition number="0" type="jump" coverage="0%"/>
									</conditions>
								</line>
								<line number="217" hits="0" branch="false"/>
								<line number="218" hits="0" branch="false"/>
								<line number="223" hits="0" branch="true" condition-coverage="0% (0/2)">
									<conditions>
										<condition number="0" type="jump" coverage="0%"/>
									</conditions>
								</line>
								<line number="224" hits="0" branch="false"/>
								<line number="229" hits="0" branch="false"/>
								<line number="230" hits="0" branch="true" condition-coverage="0% (0/2)">
									<conditions>
										<condition number="0" type="jump" coverage="0%"/>
									</conditions>
								</line>
								<line number="231" hits="0" branch="false"/>
								<line number="232" hits="0" branch="false"/>
								<line number="233" hits="0" branch="false"/>
								<line number="238" hits="0" branch="false"/>
								<line number="240" hits="0" branch="false"/>
								<line number="241" hits="0" branch="false"/>
								<line number="242" hits="0" branch="false"/>
								<line number="244" hits="0" branch="false"/>
							</lines>
						</method>
						<method name="getMyFiles" signature="(Ljava/lang/String;)[Ljava/lang/String;" line-rate="0.0" branch-rate="0.0">
							<lines>
								<line number="416" hits="0" branch="false"/>
								<line number="417" hits="0" branch="false"/>
								<line number="419" hits="0" branch="false"/>
								<line number="421" hits="0" branch="true" condition-coverage="0% (0/4)">
									<conditions>
										<condition number="0" type="jump" coverage="0%"/>
										<condition number="1" type="jump" coverage="0%"/>
									</conditions>
								</line>
								<line number="423" hits="0" branch="false"/>
								<line number="424" hits="0" branch="false"/>
								<line number="426" hits="0" branch="false"/>
								<line number="428" hits="0" branch="true" condition-coverage="0% (0/2)">
									<conditions>
										<condition number="0" type="jump" coverage="0%"/>
									</conditions>
								</line>
								<line number="430" hits="0" branch="true" condition-coverage="0% (0/2)">
									<conditions>
										<condition number="0" type="jump" coverage="0%"/>
									</conditions>
								</line>
								<line number="431" hits="0" branch="false"/>
								<line number="434" hits="0" branch="false"/>
								<line number="436" hits="0" branch="false"/>
								<line number="437" hits="0" branch="false"/>
								<line number="438" hits="0" branch="false"/>
								<line number="442" hits="0" branch="false"/>
							</lines>
						</method>
						<method name="getNumberOfFiles" signature="(Ljava/lang/String;)I" line-rate="0.8333333333333334" branch-rate="1.0">
							<lines>
								<line number="252" hits="5" branch="false"/>
								<line number="255" hits="5" branch="false"/>
								<line number="256" hits="2" branch="false"/>
								<line number="257" hits="0" branch="false"/>
								<line number="258" hits="3" branch="false"/>
								<line number="259" hits="5" branch="false"/>
							</lines>
						</method>
						<method name="getNumberOfUserMessages" signature="(Ljava/lang/String;)I" line-rate="0.8333333333333334" branch-rate="1.0">
							<lines>
								<line number="381" hits="10" branch="false"/>
								<line number="384" hits="10" branch="false"/>
								<line number="385" hits="4" branch="false"/>
								<line number="387" hits="0" branch="false"/>
								<line number="388" hits="6" branch="false"/>
								<line number="389" hits="10" branch="false"/>
							</lines>
						</method>
						<method name="getPath" signature="()Ljava/lang/String;" line-rate="0.0" branch-rate="1.0">
							<lines>
								<line number="463" hits="0" branch="false"/>
							</lines>
						</method>
						<method name="getResourcebundle" signature="()Ljava/util/ResourceBundle;" line-rate="1.0" branch-rate="1.0">
							<lines>
								<line number="476" hits="240" branch="false"/>
							</lines>
						</method>
						<method name="getUserdto" signature="()Les/deusto/bspq18/e6/DeustoBox/Server/dto/DUserDTO;" line-rate="0.0" branch-rate="1.0">
							<lines>
								<line number="449" hits="0" branch="false"/>
							</lines>
						</method>
						<method name="login" signature="(Ljava/lang/String;Ljava/lang/String;)Z" line-rate="0.75" branch-rate="0.5">
							<lines>
								<line number="88" hits="932" branch="false"/>
								<line number="89" hits="932" branch="false"/>
								<line number="91" hits="932" branch="false"/>
								<line number="92" hits="932" branch="false"/>
								<line number="93" hits="798" branch="false"/>
								<line number="94" hits="0" branch="false"/>
								<line number="96" hits="134" branch="true" condition-coverage="50% (1/2)">
									<conditions>
										<condition number="0" type="jump" coverage="50%"/>
									</conditions>
								</line>
								<line number="97" hits="0" branch="false"/>
								<line number="98" hits="0" branch="false"/>
								<line number="100" hits="134" branch="false"/>
								<line number="101" hits="134" branch="false"/>
								<line number="102" hits="134" branch="false"/>
							</lines>
						</method>
						<method name="main" signature="([Ljava/lang/String;)V" line-rate="0.0" branch-rate="1.0">
							<lines>
								<line number="481" hits="0" branch="false"/>
								<line number="482" hits="0" branch="false"/>
								<line number="484" hits="0" branch="false"/>
								<line number="485" hits="0" branch="false"/>
								<line number="486" hits="0" branch="false"/>
							</lines>
						</method>
						<method name="passwordCorrect" signature="(Ljava/lang/String;Ljava/lang/String;)Z" line-rate="0.8333333333333334" branch-rate="1.0">
							<lines>
								<line number="269" hits="5" branch="false"/>
								<line number="271" hits="5" branch="false"/>
								<line number="272" hits="2" branch="false"/>
								<line number="273" hits="0" branch="false"/>
								<line number="274" hits="3" branch="false"/>
								<line number="275" hits="5" branch="false"/>
							</lines>
						</method>
						<method name="sendFiles" signature="(Ljava/lang/String;Ljava/lang/String;)Z" line-rate="0.0" branch-rate="0.0">
							<lines>
								<line number="356" hits="0" branch="false"/>
								<line number="357" hits="0" branch="false"/>
								<line number="358" hits="0" branch="false"/>
								<line number="359" hits="0" branch="false"/>
								<line number="360" hits="0" branch="false"/>
								<line number="361" hits="0" branch="true" condition-coverage="0% (0/2)">
									<conditions>
										<condition number="0" type="jump" coverage="0%"/>
									</conditions>
								</line>
								<line number="362" hits="0" branch="false"/>
								<line number="364" hits="0" branch="false"/>
								<line number="365" hits="0" branch="false"/>
								<line number="366" hits="0" branch="false"/>
								<line number="367" hits="0" branch="false"/>
								<line number="368" hits="0" branch="false"/>
								<line number="369" hits="0" branch="false"/>
								<line number="370" hits="0" branch="false"/>
								<line number="372" hits="0" branch="false"/>
							</lines>
						</method>
						<method name="setPath" signature="(Ljava/lang/String;)V" line-rate="0.0" branch-rate="1.0">
							<lines>
								<line number="470" hits="0" branch="false"/>
								<line number="471" hits="0" branch="false"/>
							</lines>
						</method>
						<method name="setUserdto" signature="(Les/deusto/bspq18/e6/DeustoBox/Server/dto/DUserDTO;)V" line-rate="0.0" branch-rate="1.0">
							<lines>
								<line number="457" hits="0" branch="false"/>
								<line number="458" hits="0" branch="false"/>
							</lines>
						</method>
						<method name="signUp" signature="(Ljava/lang/String;Ljava/lang/String;Ljava/lang/String;)Z" line-rate="0.8888888888888888" branch-rate="1.0">
							<lines>
								<line number="67" hits="5" branch="false"/>
								<line number="69" hits="5" branch="false"/>
								<line number="70" hits="5" branch="false"/>
								<line number="71" hits="3" branch="false"/>
								<line number="72" hits="0" branch="false"/>
								<line number="73" hits="5" branch="true" condition-coverage="100% (2/2)">
									<conditions>
										<condition number="0" type="jump" coverage="100%"/>
									</conditions>
								</line>
								<line number="74" hits="2" branch="false"/>
								<line number="75" hits="2" branch="false"/>
								<line number="77" hits="3" branch="false"/>
							</lines>
						</method>
						<method name="updatePassword" signature="(Ljava/lang/String;Ljava/lang/String;)Z" line-rate="0.0" branch-rate="1.0">
							<lines>
								<line number="285" hits="0" branch="false"/>
								<line number="288" hits="0" branch="false"/>
								<line number="289" hits="0" branch="false"/>
								<line number="290" hits="0" branch="false"/>
								<line number="291" hits="0" branch="false"/>
								<line number="293" hits="0" branch="false"/>
							</lines>
						</method>
					</methods>
					<lines>
						<line number="41" hits="40" branch="false"/>
						<line number="42" hits="40" branch="true" condition-coverage="50% (1/2)">
							<conditions>
								<condition number="0" type="jump" coverage="50%"/>
							</conditions>
						</line>
						<line number="43" hits="40" branch="false"/>
						<line number="44" hits="16" branch="true" condition-coverage="0% (0/2)">
							<conditions>
								<condition number="0" type="jump" coverage="0%"/>
							</conditions>
						</line>
						<line number="45" hits="0" branch="false"/>
						<line number="47" hits="40" branch="true" condition-coverage="50% (1/2)">
							<conditions>
								<condition number="0" type="jump" coverage="50%"/>
							</conditions>
						</line>
						<line number="48" hits="0" branch="false"/>
						<line number="50" hits="40" branch="false"/>
						<line number="51" hits="40" branch="false"/>
						<line number="52" hits="40" branch="false"/>
						<line number="53" hits="40" branch="false"/>
						<line number="54" hits="40" branch="false"/>
						<line number="55" hits="40" branch="false"/>
						<line number="57" hits="40" branch="false"/>
						<line number="67" hits="5" branch="false"/>
						<line number="69" hits="5" branch="false"/>
						<line number="70" hits="5" branch="false"/>
						<line number="71" hits="3" branch="false"/>
						<line number="72" hits="0" branch="false"/>
						<line number="73" hits="5" branch="true" condition-coverage="100% (2/2)">
							<conditions>
								<condition number="0" type="jump" coverage="100%"/>
							</conditions>
						</line>
						<line number="74" hits="2" branch="false"/>
						<line number="75" hits="2" branch="false"/>
						<line number="77" hits="3" branch="false"/>
						<line number="88" hits="932" branch="false"/>
						<line number="89" hits="932" branch="false"/>
						<line number="91" hits="932" branch="false"/>
						<line number="92" hits="932" branch="false"/>
						<line number="93" hits="798" branch="false"/>
						<line number="94" hits="0" branch="false"/>
						<line number="96" hits="134" branch="true" condition-coverage="50% (1/2)">
							<conditions>
								<condition number="0" type="jump" coverage="50%"/>
							</conditions>
						</line>
						<line number="97" hits="0" branch="false"/>
						<line number="98" hits="0" branch="false"/>
						<line number="100" hits="134" branch="false"/>
						<line number="101" hits="134" branch="false"/>
						<line number="102" hits="134" branch="false"/>
						<line number="111" hits="0" branch="false"/>
						<line number="112" hits="0" branch="true" condition-coverage="0% (0/2)">
							<conditions>
								<condition number="0" type="jump" coverage="0%"/>
							</conditions>
						</line>
						<line number="113" hits="0" branch="false"/>
						<line number="115" hits="0" branch="true" condition-coverage="0% (0/2)">
							<conditions>
								<condition number="0" type="jump" coverage="0%"/>
							</conditions>
						</line>
						<line number="116" hits="0" branch="false"/>
						<line number="117" hits="0" branch="false"/>
						<line number="118" hits="0" branch="false"/>
						<line number="121" hits="0" branch="false"/>
						<line number="122" hits="0" branch="false"/>
						<line number="123" hits="0" branch="false"/>
						<line number="124" hits="0" branch="false"/>
						<line number="127" hits="0" branch="false"/>
						<line number="128" hits="0" branch="false"/>
						<line number="129" hits="0" branch="false"/>
						<line number="130" hits="0" branch="true" condition-coverage="0% (0/2)">
							<conditions>
								<condition number="0" type="jump" coverage="0%"/>
							</conditions>
						</line>
						<line number="131" hits="0" branch="false"/>
						<line number="132" hits="0" branch="false"/>
						<line number="134" hits="0" branch="false"/>
						<line number="135" hits="0" branch="false"/>
						<line number="136" hits="0" branch="false"/>
						<line number="138" hits="0" branch="false"/>
						<line number="139" hits="0" branch="false"/>
						<line number="140" hits="0" branch="false"/>
						<line number="148" hits="3" branch="false"/>
						<line number="150" hits="3" branch="false"/>
						<line number="151" hits="0" branch="false"/>
						<line number="152" hits="3" branch="false"/>
						<line number="153" hits="3" branch="false"/>
						<line number="154" hits="0" branch="false"/>
						<line number="155" hits="3" branch="false"/>
						<line number="162" hits="0" branch="false"/>
						<line number="163" hits="0" branch="false"/>
						<line number="167" hits="0" branch="false"/>
						<line number="168" hits="0" branch="false"/>
						<line number="172" hits="0" branch="true" condition-coverage="0% (0/2)">
							<conditions>
								<condition number="0" type="jump" coverage="0%"/>
							</conditions>
						</line>
						<line number="173" hits="0" branch="false"/>
						<line number="174" hits="0" branch="false"/>
						<line number="175" hits="0" branch="false"/>
						<line number="177" hits="0" branch="false"/>
						<line number="178" hits="0" branch="false"/>
						<line number="179" hits="0" branch="true" condition-coverage="0% (0/2)">
							<conditions>
								<condition number="0" type="jump" coverage="0%"/>
							</conditions>
						</line>
						<line number="180" hits="0" branch="false"/>
						<line number="181" hits="0" branch="false"/>
						<line number="183" hits="0" branch="false"/>
						<line number="184" hits="0" branch="true" condition-coverage="0% (0/2)">
							<conditions>
								<condition number="0" type="jump" coverage="0%"/>
							</conditions>
						</line>
						<line number="185" hits="0" branch="true" condition-coverage="0% (0/2)">
							<conditions>
								<condition number="0" type="jump" coverage="0%"/>
							</conditions>
						</line>
						<line number="186" hits="0" branch="true" condition-coverage="0% (0/2)">
							<conditions>
								<condition number="0" type="jump" coverage="0%"/>
							</conditions>
						</line>
						<line number="187" hits="0" branch="false"/>
						<line number="193" hits="0" branch="true" condition-coverage="0% (0/2)">
							<conditions>
								<condition number="0" type="jump" coverage="0%"/>
							</conditions>
						</line>
						<line number="194" hits="0" branch="false"/>
						<line number="197" hits="0" branch="true" condition-coverage="0% (0/2)">
							<conditions>
								<condition number="0" type="jump" coverage="0%"/>
							</conditions>
						</line>
						<line number="198" hits="0" branch="false"/>
						<line number="199" hits="0" branch="false"/>
						<line number="202" hits="0" branch="false"/>
						<line number="203" hits="0" branch="false"/>
						<line number="206" hits="0" branch="false"/>
						<line number="207" hits="0" branch="false"/>
						<line number="211" hits="0" branch="false"/>
						<line number="212" hits="0" branch="true" condition-coverage="0% (0/2)">
							<conditions>
								<condition number="0" type="jump" coverage="0%"/>
							</conditions>
						</line>
						<line number="213" hits="0" branch="false"/>
						<line number="214" hits="0" branch="true" condition-coverage="0% (0/2)">
							<conditions>
								<condition number="0" type="jump" coverage="0%"/>
							</conditions>
						</line>
						<line number="216" hits="0" branch="true" condition-coverage="0% (0/2)">
							<conditions>
								<condition number="0" type="jump" coverage="0%"/>
							</conditions>
						</line>
						<line number="217" hits="0" branch="false"/>
						<line number="218" hits="0" branch="false"/>
						<line number="223" hits="0" branch="true" condition-coverage="0% (0/2)">
							<conditions>
								<condition number="0" type="jump" coverage="0%"/>
							</conditions>
						</line>
						<line number="224" hits="0" branch="false"/>
						<line number="229" hits="0" branch="false"/>
						<line number="230" hits="0" branch="true" condition-coverage="0% (0/2)">
							<conditions>
								<condition number="0" type="jump" coverage="0%"/>
							</conditions>
						</line>
						<line number="231" hits="0" branch="false"/>
						<line number="232" hits="0" branch="false"/>
						<line number="233" hits="0" branch="false"/>
						<line number="238" hits="0" branch="false"/>
						<line number="240" hits="0" branch="false"/>
						<line number="241" hits="0" branch="false"/>
						<line number="242" hits="0" branch="false"/>
						<line number="244" hits="0" branch="false"/>
						<line number="252" hits="5" branch="false"/>
						<line number="255" hits="5" branch="false"/>
						<line number="256" hits="2" branch="false"/>
						<line number="257" hits="0" branch="false"/>
						<line number="258" hits="3" branch="false"/>
						<line number="259" hits="5" branch="false"/>
						<line number="269" hits="5" branch="false"/>
						<line number="271" hits="5" branch="false"/>
						<line number="272" hits="2" branch="false"/>
						<line number="273" hits="0" branch="false"/>
						<line number="274" hits="3" branch="false"/>
						<line number="275" hits="5" branch="false"/>
						<line number="285" hits="0" branch="false"/>
						<line number="288" hits="0" branch="false"/>
						<line number="289" hits="0" branch="false"/>
						<line number="290" hits="0" branch="false"/>
						<line number="291" hits="0" branch="false"/>
						<line number="293" hits="0" branch="false"/>
						<line number="302" hits="5" branch="false"/>
						<line number="304" hits="5" branch="false"/>
						<line number="305" hits="2" branch="false"/>
						<line number="306" hits="0" branch="false"/>
						<line number="307" hits="3" branch="false"/>
						<line number="308" hits="5" branch="false"/>
						<line number="321" hits="5" branch="false"/>
						<line number="322" hits="5" branch="false"/>
						<line number="324" hits="5" branch="false"/>
						<line number="325" hits="5" branch="false"/>
						<line number="326" hits="5" branch="false"/>
						<line number="327" hits="5" branch="false"/>
						<line number="328" hits="3" branch="false"/>
						<line number="329" hits="0" branch="false"/>
						<line number="330" hits="5" branch="false"/>
						<line number="338" hits="7" branch="false"/>
						<line number="340" hits="7" branch="false"/>
						<line number="341" hits="4" branch="false"/>
						<line number="342" hits="0" branch="false"/>
						<line number="343" hits="3" branch="false"/>
						<line number="345" hits="7" branch="false"/>
						<line number="356" hits="0" branch="false"/>
						<line number="357" hits="0" branch="false"/>
						<line number="358" hits="0" branch="false"/>
						<line number="359" hits="0" branch="false"/>
						<line number="360" hits="0" branch="false"/>
						<line number="361" hits="0" branch="true" condition-coverage="0% (0/2)">
							<conditions>
								<condition number="0" type="jump" coverage="0%"/>
							</conditions>
						</line>
						<line number="362" hits="0" branch="false"/>
						<line number="364" hits="0" branch="false"/>
						<line number="365" hits="0" branch="false"/>
						<line number="366" hits="0" branch="false"/>
						<line number="367" hits="0" branch="false"/>
						<line number="368" hits="0" branch="false"/>
						<line number="369" hits="0" branch="false"/>
						<line number="370" hits="0" branch="false"/>
						<line number="372" hits="0" branch="false"/>
						<line number="381" hits="10" branch="false"/>
						<line number="384" hits="10" branch="false"/>
						<line number="385" hits="4" branch="false"/>
						<line number="387" hits="0" branch="false"/>
						<line number="388" hits="6" branch="false"/>
						<line number="389" hits="10" branch="false"/>
						<line number="398" hits="0" branch="false"/>
						<line number="401" hits="0" branch="false"/>
						<line number="402" hits="0" branch="false"/>
						<line number="404" hits="0" branch="false"/>
						<line number="405" hits="0" branch="false"/>
						<line number="407" hits="0" branch="false"/>
						<line number="416" hits="0" branch="false"/>
						<line number="417" hits="0" branch="false"/>
						<line number="419" hits="0" branch="false"/>
						<line number="421" hits="0" branch="true" condition-coverage="0% (0/4)">
							<conditions>
								<condition number="0" type="jump" coverage="0%"/>
								<condition number="1" type="jump" coverage="0%"/>
							</conditions>
						</line>
						<line number="423" hits="0" branch="false"/>
						<line number="424" hits="0" branch="false"/>
						<line number="426" hits="0" branch="false"/>
						<line number="428" hits="0" branch="true" condition-coverage="0% (0/2)">
							<conditions>
								<condition number="0" type="jump" coverage="0%"/>
							</conditions>
						</line>
						<line number="430" hits="0" branch="true" condition-coverage="0% (0/2)">
							<conditions>
								<condition number="0" type="jump" coverage="0%"/>
							</conditions>
						</line>
						<line number="431" hits="0" branch="false"/>
						<line number="434" hits="0" branch="false"/>
						<line number="436" hits="0" branch="false"/>
						<line number="437" hits="0" branch="false"/>
						<line number="438" hits="0" branch="false"/>
						<line number="442" hits="0" branch="false"/>
						<line number="449" hits="0" branch="false"/>
						<line number="457" hits="0" branch="false"/>
						<line number="458" hits="0" branch="false"/>
						<line number="463" hits="0" branch="false"/>
						<line number="470" hits="0" branch="false"/>
						<line number="471" hits="0" branch="false"/>
						<line number="476" hits="240" branch="false"/>
						<line number="481" hits="0" branch="false"/>
						<line number="482" hits="0" branch="false"/>
						<line number="484" hits="0" branch="false"/>
						<line number="485" hits="0" branch="false"/>
						<line number="486" hits="0" branch="false"/>
					</lines>
				</class>
			</classes>
		</package>
		<package name="es.deusto.bspq18.e6.DeustoBox.Client.remote" line-rate="0.7777777777777778" branch-rate="1.0" complexity="1.5">
			<classes>
				<class name="es.deusto.bspq18.e6.DeustoBox.Client.remote.RMIServiceLocator" filename="es/deusto/bspq18/e6/DeustoBox/Client/remote/RMIServiceLocator.java" line-rate="0.7777777777777778" branch-rate="1.0" complexity="1.5">
					<methods>
						<method name="&lt;init&gt;" signature="()V" line-rate="1.0" branch-rate="1.0">
							<lines>
								<line number="7" hits="40" branch="false"/>
							</lines>
						</method>
						<method name="getService" signature="()Les/deusto/bspq18/e6/DeustoBox/Server/remote/IDeustoBoxRemoteService;" line-rate="1.0" branch-rate="1.0">
							<lines>
								<line number="25" hits="982" branch="false"/>
							</lines>
						</method>
						<method name="setService" signature="([Ljava/lang/String;)V" line-rate="0.7142857142857143" branch-rate="1.0">
							<lines>
								<line number="13" hits="40" branch="false"/>
								<line number="14" hits="40" branch="false"/>
								<line number="17" hits="40" branch="false"/>
								<line number="18" hits="0" branch="false"/>
								<line number="20" hits="0" branch="false"/>
								<line number="21" hits="40" branch="false"/>
								<line number="22" hits="40" branch="false"/>
							</lines>
						</method>
					</methods>
					<lines>
						<line number="7" hits="40" branch="false"/>
						<line number="13" hits="40" branch="false"/>
						<line number="14" hits="40" branch="false"/>
						<line number="17" hits="40" branch="false"/>
						<line number="18" hits="0" branch="false"/>
						<line number="20" hits="0" branch="false"/>
						<line number="21" hits="40" branch="false"/>
						<line number="22" hits="40" branch="false"/>
						<line number="25" hits="982" branch="false"/>
					</lines>
				</class>
			</classes>
		</package>
		<package name="es.deusto.bspq18.e6.DeustoBox.Server.assembler" line-rate="0.9" branch-rate="0.8" complexity="1.4166666666666667">
			<classes>
				<class name="es.deusto.bspq18.e6.DeustoBox.Server.assembler.Assembler" filename="es/deusto/bspq18/e6/DeustoBox/Server/assembler/Assembler.java" line-rate="0.9" branch-rate="0.8" complexity="1.4166666666666667">
					<methods>
						<method name="&lt;init&gt;" signature="()V" line-rate="1.0" branch-rate="1.0">
							<lines>
								<line number="13" hits="9" branch="false"/>
							</lines>
						</method>
						<method name="createConnectionDTO" signature="(Les/deusto/bspq18/e6/DeustoBox/Server/jdo/data/DConnection;)Les/deusto/bspq18/e6/DeustoBox/Server/dto/DConnectionDTO;" line-rate="1.0" branch-rate="1.0">
							<lines>
								<line number="67" hits="74022" branch="false"/>
								<line number="68" hits="74022" branch="false"/>
							</lines>
						</method>
						<method name="createConnectionsDTO" signature="(Ljava/util/ArrayList;)Ljava/util/ArrayList;" line-rate="1.0" branch-rate="1.0">
							<lines>
								<line number="58" hits="5" branch="false"/>
								<line number="59" hits="139" branch="true" condition-coverage="100% (2/2)">
									<conditions>
										<condition number="0" type="jump" coverage="100%"/>
									</conditions>
								</line>
								<line number="60" hits="134" branch="false"/>
								<line number="63" hits="5" branch="false"/>
							</lines>
						</method>
						<method name="createFile" signature="(Les/deusto/bspq18/e6/DeustoBox/Server/dto/DFileDTO;)Les/deusto/bspq18/e6/DeustoBox/Server/jdo/data/DFile;" line-rate="1.0" branch-rate="1.0">
							<lines>
								<line number="35" hits="139867" branch="false"/>
								<line number="36" hits="139870" branch="false"/>
							</lines>
						</method>
						<method name="createFileDTO" signature="(Les/deusto/bspq18/e6/DeustoBox/Server/jdo/data/DFile;Ljava/lang/String;)Les/deusto/bspq18/e6/DeustoBox/Server/dto/DFileDTO;" line-rate="1.0" branch-rate="1.0">
							<lines>
								<line number="29" hits="194175" branch="false"/>
								<line number="30" hits="194175" branch="false"/>
								<line number="31" hits="194174" branch="false"/>
							</lines>
						</method>
						<method name="createFiles" signature="(Ljava/util/ArrayList;)Ljava/util/ArrayList;" line-rate="1.0" branch-rate="1.0">
							<lines>
								<line number="49" hits="67935" branch="false"/>
								<line number="50" hits="203805" branch="true" condition-coverage="100% (2/2)">
									<conditions>
										<condition number="0" type="jump" coverage="100%"/>
									</conditions>
								</line>
								<line number="51" hits="135870" branch="false"/>
								<line number="53" hits="67935" branch="false"/>
							</lines>
						</method>
						<method name="createFilesDTO" signature="(Ljava/util/ArrayList;Ljava/lang/String;)Ljava/util/ArrayList;" line-rate="1.0" branch-rate="1.0">
							<lines>
								<line number="40" hits="67129" branch="false"/>
								<line number="41" hits="201387" branch="true" condition-coverage="100% (2/2)">
									<conditions>
										<condition number="0" type="jump" coverage="100%"/>
									</conditions>
								</line>
								<line number="42" hits="134258" branch="false"/>
								<line number="43" hits="134258" branch="false"/>
								<line number="45" hits="67129" branch="false"/>
							</lines>
						</method>
						<method name="createMessage" signature="(Les/deusto/bspq18/e6/DeustoBox/Server/dto/DMessageDTO;)Les/deusto/bspq18/e6/DeustoBox/Server/jdo/data/DMessage;" line-rate="1.0" branch-rate="1.0">
							<lines>
								<line number="77" hits="70655" branch="false"/>
								<line number="78" hits="70655" branch="false"/>
							</lines>
						</method>
						<method name="createMessageDTO" signature="(Les/deusto/bspq18/e6/DeustoBox/Server/jdo/data/DMessage;)Les/deusto/bspq18/e6/DeustoBox/Server/dto/DMessageDTO;" line-rate="1.0" branch-rate="1.0">
							<lines>
								<line number="72" hits="144185" branch="false"/>
								<line number="73" hits="144185" branch="false"/>
							</lines>
						</method>
						<method name="createMessages" signature="(Ljava/util/ArrayList;)Ljava/util/ArrayList;" line-rate="0.0" branch-rate="0.0">
							<lines>
								<line number="91" hits="0" branch="false"/>
								<line number="92" hits="0" branch="true" condition-coverage="0% (0/2)">
									<conditions>
										<condition number="0" type="jump" coverage="0%"/>
									</conditions>
								</line>
								<line number="93" hits="0" branch="false"/>
								<line number="95" hits="0" branch="false"/>
							</lines>
						</method>
						<method name="createMessagesDTO" signature="(Ljava/util/ArrayList;)Ljava/util/ArrayList;" line-rate="1.0" branch-rate="1.0">
							<lines>
								<line number="82" hits="7" branch="false"/>
								<line number="83" hits="11" branch="true" condition-coverage="100% (2/2)">
									<conditions>
										<condition number="0" type="jump" coverage="100%"/>
									</conditions>
								</line>
								<line number="84" hits="4" branch="false"/>
								<line number="87" hits="7" branch="false"/>
							</lines>
						</method>
						<method name="createUser" signature="(Les/deusto/bspq18/e6/DeustoBox/Server/dto/DUserDTO;)Les/deusto/bspq18/e6/DeustoBox/Server/jdo/data/DUser;" line-rate="1.0" branch-rate="1.0">
							<lines>
								<line number="23" hits="143864" branch="false"/>
								<line number="24" hits="143867" branch="false"/>
								<line number="25" hits="143868" branch="false"/>
							</lines>
						</method>
						<method name="createUserDTO" signature="(Les/deusto/bspq18/e6/DeustoBox/Server/jdo/data/DUser;Ljava/lang/String;)Les/deusto/bspq18/e6/DeustoBox/Server/dto/DUserDTO;" line-rate="1.0" branch-rate="1.0">
							<lines>
								<line number="16" hits="609029" branch="false"/>
								<line number="17" hits="399597" branch="false"/>
								<line number="18" hits="399596" branch="false"/>
								<line number="19" hits="399596" branch="false"/>
							</lines>
						</method>
					</methods>
					<lines>
						<line number="13" hits="9" branch="false"/>
						<line number="16" hits="609029" branch="false"/>
						<line number="17" hits="399597" branch="false"/>
						<line number="18" hits="399596" branch="false"/>
						<line number="19" hits="399596" branch="false"/>
						<line number="23" hits="143864" branch="false"/>
						<line number="24" hits="143867" branch="false"/>
						<line number="25" hits="143868" branch="false"/>
						<line number="29" hits="194175" branch="false"/>
						<line number="30" hits="194175" branch="false"/>
						<line number="31" hits="194174" branch="false"/>
						<line number="35" hits="139867" branch="false"/>
						<line number="36" hits="139870" branch="false"/>
						<line number="40" hits="67129" branch="false"/>
						<line number="41" hits="201387" branch="true" condition-coverage="100% (2/2)">
							<conditions>
								<condition number="0" type="jump" coverage="100%"/>
							</conditions>
						</line>
						<line number="42" hits="134258" branch="false"/>
						<line number="43" hits="134258" branch="false"/>
						<line number="45" hits="67129" branch="false"/>
						<line number="49" hits="67935" branch="false"/>
						<line number="50" hits="203805" branch="true" condition-coverage="100% (2/2)">
							<conditions>
								<condition number="0" type="jump" coverage="100%"/>
							</conditions>
						</line>
						<line number="51" hits="135870" branch="false"/>
						<line number="53" hits="67935" branch="false"/>
						<line number="58" hits="5" branch="false"/>
						<line number="59" hits="139" branch="true" condition-coverage="100% (2/2)">
							<conditions>
								<condition number="0" type="jump" coverage="100%"/>
							</conditions>
						</line>
						<line number="60" hits="134" branch="false"/>
						<line number="63" hits="5" branch="false"/>
						<line number="67" hits="74022" branch="false"/>
						<line number="68" hits="74022" branch="false"/>
						<line number="72" hits="144185" branch="false"/>
						<line number="73" hits="144185" branch="false"/>
						<line number="77" hits="70655" branch="false"/>
						<line number="78" hits="70655" branch="false"/>
						<line number="82" hits="7" branch="false"/>
						<line number="83" hits="11" branch="true" condition-coverage="100% (2/2)">
							<conditions>
								<condition number="0" type="jump" coverage="100%"/>
							</conditions>
						</line>
						<line number="84" hits="4" branch="false"/>
						<line number="87" hits="7" branch="false"/>
						<line number="91" hits="0" branch="false"/>
						<line number="92" hits="0" branch="true" condition-coverage="0% (0/2)">
							<conditions>
								<condition number="0" type="jump" coverage="0%"/>
							</conditions>
						</line>
						<line number="93" hits="0" branch="false"/>
						<line number="95" hits="0" branch="false"/>
					</lines>
				</class>
			</classes>
		</package>
		<package name="es.deusto.bspq18.e6.DeustoBox.Server.dto" line-rate="0.975" branch-rate="1.0" complexity="1.0">
			<classes>
				<class name="es.deusto.bspq18.e6.DeustoBox.Server.dto.DConnectionDTO" filename="es/deusto/bspq18/e6/DeustoBox/Server/dto/DConnectionDTO.java" line-rate="1.0" branch-rate="1.0" complexity="1.0">
					<methods>
						<method name="&lt;init&gt;" signature="(ILjava/lang/String;Ljava/lang/String;)V" line-rate="1.0" branch-rate="1.0">
							<lines>
								<line number="16" hits="52100" branch="false"/>
								<line number="17" hits="52100" branch="false"/>
								<line number="26" hits="17863" branch="false"/>
								<line number="27" hits="15765" branch="false"/>
								<line number="28" hits="17863" branch="false"/>
								<line number="29" hits="33628" branch="false"/>
								<line number="30" hits="33628" branch="false"/>
								<line number="31" hits="33628" branch="false"/>
								<line number="32" hits="15765" branch="false"/>
								<line number="33" hits="17863" branch="false"/>
								<line number="34" hits="15765" branch="false"/>
							</lines>
						</method>
						<method name="&lt;init&gt;" signature="(ILjava/lang/String;Ljava/util/Date;Ljava/lang/String;)V" line-rate="1.0" branch-rate="1.0">
							<lines>
								<line number="19" hits="37687" branch="false"/>
								<line number="20" hits="74022" branch="false"/>
								<line number="21" hits="74022" branch="false"/>
								<line number="22" hits="74022" branch="false"/>
								<line number="23" hits="74022" branch="false"/>
								<line number="24" hits="74022" branch="false"/>
								<line number="25" hits="36335" branch="false"/>
							</lines>
						</method>
						<method name="getConnectionDate" signature="()Ljava/util/Date;" line-rate="1.0" branch-rate="1.0">
							<lines>
								<line number="45" hits="55414" branch="false"/>
								<line number="46" hits="52098" branch="false"/>
							</lines>
						</method>
						<method name="getId" signature="()I" line-rate="1.0" branch-rate="1.0">
							<lines>
								<line number="62" hits="55414" branch="false"/>
								<line number="63" hits="52098" branch="false"/>
							</lines>
						</method>
						<method name="getOSUsed" signature="()Ljava/lang/String;" line-rate="1.0" branch-rate="1.0">
							<lines>
								<line number="53" hits="55414" branch="false"/>
								<line number="54" hits="52098" branch="false"/>
							</lines>
						</method>
						<method name="getSerialversionuid" signature="()J" line-rate="1.0" branch-rate="1.0">
							<lines>
								<line number="72" hits="17861" branch="false"/>
								<line number="73" hits="15763" branch="false"/>
							</lines>
						</method>
						<method name="getUserEmail" signature="()Ljava/lang/String;" line-rate="1.0" branch-rate="1.0">
							<lines>
								<line number="37" hits="55414" branch="false"/>
								<line number="38" hits="52098" branch="false"/>
							</lines>
						</method>
						<method name="setConnectionDate" signature="(Ljava/util/Date;)V" line-rate="1.0" branch-rate="1.0">
							<lines>
								<line number="49" hits="17861" branch="false"/>
								<line number="50" hits="33624" branch="false"/>
								<line number="51" hits="15763" branch="false"/>
							</lines>
						</method>
						<method name="setId" signature="(I)V" line-rate="1.0" branch-rate="1.0">
							<lines>
								<line number="67" hits="17861" branch="false"/>
								<line number="68" hits="33624" branch="false"/>
								<line number="69" hits="15763" branch="false"/>
							</lines>
						</method>
						<method name="setOSUsed" signature="(Ljava/lang/String;)V" line-rate="1.0" branch-rate="1.0">
							<lines>
								<line number="57" hits="17861" branch="false"/>
								<line number="58" hits="33624" branch="false"/>
								<line number="59" hits="15763" branch="false"/>
							</lines>
						</method>
						<method name="setUserEmail" signature="(Ljava/lang/String;)V" line-rate="1.0" branch-rate="1.0">
							<lines>
								<line number="41" hits="17861" branch="false"/>
								<line number="42" hits="33624" branch="false"/>
								<line number="43" hits="15763" branch="false"/>
							</lines>
						</method>
						<method name="toString" signature="()Ljava/lang/String;" line-rate="1.0" branch-rate="1.0">
							<lines>
								<line number="77" hits="35722" branch="false"/>
								<line number="78" hits="17861" branch="false"/>
								<line number="79" hits="15763" branch="false"/>
							</lines>
						</method>
					</methods>
					<lines>
						<line number="16" hits="52100" branch="false"/>
						<line number="17" hits="52100" branch="false"/>
						<line number="19" hits="37687" branch="false"/>
						<line number="20" hits="74022" branch="false"/>
						<line number="21" hits="74022" branch="false"/>
						<line number="22" hits="74022" branch="false"/>
						<line number="23" hits="74022" branch="false"/>
						<line number="24" hits="74022" branch="false"/>
						<line number="25" hits="36335" branch="false"/>
						<line number="26" hits="17863" branch="false"/>
						<line number="27" hits="15765" branch="false"/>
						<line number="28" hits="17863" branch="false"/>
						<line number="29" hits="33628" branch="false"/>
						<line number="30" hits="33628" branch="false"/>
						<line number="31" hits="33628" branch="false"/>
						<line number="32" hits="15765" branch="false"/>
						<line number="33" hits="17863" branch="false"/>
						<line number="34" hits="15765" branch="false"/>
						<line number="37" hits="55414" branch="false"/>
						<line number="38" hits="52098" branch="false"/>
						<line number="41" hits="17861" branch="false"/>
						<line number="42" hits="33624" branch="false"/>
						<line number="43" hits="15763" branch="false"/>
						<line number="45" hits="55414" branch="false"/>
						<line number="46" hits="52098" branch="false"/>
						<line number="49" hits="17861" branch="false"/>
						<line number="50" hits="33624" branch="false"/>
						<line number="51" hits="15763" branch="false"/>
						<line number="53" hits="55414" branch="false"/>
						<line number="54" hits="52098" branch="false"/>
						<line number="57" hits="17861" branch="false"/>
						<line number="58" hits="33624" branch="false"/>
						<line number="59" hits="15763" branch="false"/>
						<line number="62" hits="55414" branch="false"/>
						<line number="63" hits="52098" branch="false"/>
						<line number="67" hits="17861" branch="false"/>
						<line number="68" hits="33624" branch="false"/>
						<line number="69" hits="15763" branch="false"/>
						<line number="72" hits="17861" branch="false"/>
						<line number="73" hits="15763" branch="false"/>
						<line number="77" hits="35722" branch="false"/>
						<line number="78" hits="17861" branch="false"/>
						<line number="79" hits="15763" branch="false"/>
					</lines>
				</class>
				<class name="es.deusto.bspq18.e6.DeustoBox.Server.dto.DFileDTO" filename="es/deusto/bspq18/e6/DeustoBox/Server/dto/DFileDTO.java" line-rate="0.9193548387096774" branch-rate="1.0" complexity="1.0">
					<methods>
						<method name="&lt;init&gt;" signature="(Les/deusto/bspq18/e6/DeustoBox/Server/dto/DUserDTO;Ljava/lang/String;Ljava/lang/String;Ljava/lang/String;Ljava/lang/String;)V" line-rate="1.0" branch-rate="1.0">
							<lines>
								<line number="23" hits="171690" branch="false"/>
								<line number="30" hits="188772" branch="false"/>
								<line number="31" hits="188772" branch="false"/>
								<line number="32" hits="360463" branch="false"/>
								<line number="33" hits="360462" branch="false"/>
								<line number="34" hits="360462" branch="false"/>
								<line number="35" hits="360462" branch="false"/>
								<line number="36" hits="360463" branch="false"/>
								<line number="37" hits="171690" branch="false"/>
								<line number="38" hits="171689" branch="false"/>
							</lines>
						</method>
						<method name="&lt;init&gt;" signature="(Ljava/lang/String;Ljava/lang/String;Ljava/lang/String;)V" line-rate="0.16666666666666666" branch-rate="1.0">
							<lines>
								<line number="24" hits="171690" branch="false"/>
								<line number="25" hits="0" branch="false"/>
								<line number="26" hits="0" branch="false"/>
								<line number="27" hits="0" branch="false"/>
								<line number="28" hits="0" branch="false"/>
								<line number="29" hits="0" branch="false"/>
							</lines>
						</method>
						<method name="getCreationDate" signature="()Ljava/util/Date;" line-rate="1.0" branch-rate="1.0">
							<lines>
								<line number="55" hits="16199" branch="false"/>
								<line number="57" hits="14214" branch="false"/>
							</lines>
						</method>
						<method name="getFile" signature="()Ljava/io/File;" line-rate="1.0" branch-rate="1.0">
							<lines>
								<line number="47" hits="16199" branch="false"/>
								<line number="49" hits="14214" branch="false"/>
							</lines>
						</method>
						<method name="getHash" signature="()Ljava/lang/String;" line-rate="1.0" branch-rate="1.0">
							<lines>
								<line number="63" hits="235796" branch="false"/>
								<line number="65" hits="215796" branch="false"/>
							</lines>
						</method>
						<method name="getLastModified" signature="()Ljava/lang/String;" line-rate="1.0" branch-rate="1.0">
							<lines>
								<line number="79" hits="219598" branch="false"/>
								<line number="81" hits="201582" branch="false"/>
							</lines>
						</method>
						<method name="getName" signature="()Ljava/lang/String;" line-rate="1.0" branch-rate="1.0">
							<lines>
								<line number="71" hits="148995" branch="false"/>
								<line number="73" hits="137121" branch="false"/>
							</lines>
						</method>
						<method name="getUser" signature="()Les/deusto/bspq18/e6/DeustoBox/Server/dto/DUserDTO;" line-rate="1.0" branch-rate="1.0">
							<lines>
								<line number="87" hits="135826" branch="false"/>
								<line number="89" hits="124782" branch="false"/>
							</lines>
						</method>
						<method name="getUserEmail" signature="()Ljava/lang/String;" line-rate="1.0" branch-rate="1.0">
							<lines>
								<line number="39" hits="29366" branch="false"/>
								<line number="41" hits="26552" branch="false"/>
							</lines>
						</method>
						<method name="setCreationDate" signature="(Ljava/util/Date;)V" line-rate="1.0" branch-rate="1.0">
							<lines>
								<line number="59" hits="16199" branch="false"/>
								<line number="60" hits="16199" branch="false"/>
								<line number="61" hits="14214" branch="false"/>
								<line number="62" hits="14214" branch="false"/>
							</lines>
						</method>
						<method name="setFile" signature="(Ljava/io/File;)V" line-rate="1.0" branch-rate="1.0">
							<lines>
								<line number="51" hits="16199" branch="false"/>
								<line number="52" hits="16199" branch="false"/>
								<line number="53" hits="14214" branch="false"/>
								<line number="54" hits="14214" branch="false"/>
							</lines>
						</method>
						<method name="setHash" signature="(Ljava/lang/String;)V" line-rate="1.0" branch-rate="1.0">
							<lines>
								<line number="67" hits="45565" branch="false"/>
								<line number="68" hits="45565" branch="false"/>
								<line number="69" hits="40766" branch="false"/>
								<line number="70" hits="40766" branch="false"/>
							</lines>
						</method>
						<method name="setLastModified" signature="(Ljava/lang/String;)V" line-rate="1.0" branch-rate="1.0">
							<lines>
								<line number="83" hits="45565" branch="false"/>
								<line number="84" hits="45565" branch="false"/>
								<line number="85" hits="40766" branch="false"/>
								<line number="86" hits="40766" branch="false"/>
							</lines>
						</method>
						<method name="setName" signature="(Ljava/lang/String;)V" line-rate="1.0" branch-rate="1.0">
							<lines>
								<line number="75" hits="29366" branch="false"/>
								<line number="76" hits="29366" branch="false"/>
								<line number="77" hits="26552" branch="false"/>
								<line number="78" hits="26552" branch="false"/>
							</lines>
						</method>
						<method name="setUser" signature="(Les/deusto/bspq18/e6/DeustoBox/Server/dto/DUserDTO;)V" line-rate="1.0" branch-rate="1.0">
							<lines>
								<line number="91" hits="16199" branch="false"/>
								<line number="92" hits="16199" branch="false"/>
								<line number="93" hits="14214" branch="false"/>
								<line number="94" hits="14214" branch="false"/>
							</lines>
						</method>
						<method name="setUserEmail" signature="(Ljava/lang/String;)V" line-rate="1.0" branch-rate="1.0">
							<lines>
								<line number="43" hits="29366" branch="false"/>
								<line number="44" hits="29366" branch="false"/>
								<line number="45" hits="26552" branch="false"/>
								<line number="46" hits="26552" branch="false"/>
							</lines>
						</method>
						<method name="toString" signature="()Ljava/lang/String;" line-rate="1.0" branch-rate="1.0">
							<lines>
								<line number="96" hits="32398" branch="false"/>
								<line number="97" hits="16199" branch="false"/>
								<line number="98" hits="28428" branch="false"/>
								<line number="99" hits="14214" branch="false"/>
							</lines>
						</method>
					</methods>
					<lines>
						<line number="23" hits="171690" branch="false"/>
						<line number="24" hits="171690" branch="false"/>
						<line number="25" hits="0" branch="false"/>
						<line number="26" hits="0" branch="false"/>
						<line number="27" hits="0" branch="false"/>
						<line number="28" hits="0" branch="false"/>
						<line number="29" hits="0" branch="false"/>
						<line number="30" hits="188772" branch="false"/>
						<line number="31" hits="188772" branch="false"/>
						<line number="32" hits="360463" branch="false"/>
						<line number="33" hits="360462" branch="false"/>
						<line number="34" hits="360462" branch="false"/>
						<line number="35" hits="360462" branch="false"/>
						<line number="36" hits="360463" branch="false"/>
						<line number="37" hits="171690" branch="false"/>
						<line number="38" hits="171689" branch="false"/>
						<line number="39" hits="29366" branch="false"/>
						<line number="41" hits="26552" branch="false"/>
						<line number="43" hits="29366" branch="false"/>
						<line number="44" hits="29366" branch="false"/>
						<line number="45" hits="26552" branch="false"/>
						<line number="46" hits="26552" branch="false"/>
						<line number="47" hits="16199" branch="false"/>
						<line number="49" hits="14214" branch="false"/>
						<line number="51" hits="16199" branch="false"/>
						<line number="52" hits="16199" branch="false"/>
						<line number="53" hits="14214" branch="false"/>
						<line number="54" hits="14214" branch="false"/>
						<line number="55" hits="16199" branch="false"/>
						<line number="57" hits="14214" branch="false"/>
						<line number="59" hits="16199" branch="false"/>
						<line number="60" hits="16199" branch="false"/>
						<line number="61" hits="14214" branch="false"/>
						<line number="62" hits="14214" branch="false"/>
						<line number="63" hits="235796" branch="false"/>
						<line number="65" hits="215796" branch="false"/>
						<line number="67" hits="45565" branch="false"/>
						<line number="68" hits="45565" branch="false"/>
						<line number="69" hits="40766" branch="false"/>
						<line number="70" hits="40766" branch="false"/>
						<line number="71" hits="148995" branch="false"/>
						<line number="73" hits="137121" branch="false"/>
						<line number="75" hits="29366" branch="false"/>
						<line number="76" hits="29366" branch="false"/>
						<line number="77" hits="26552" branch="false"/>
						<line number="78" hits="26552" branch="false"/>
						<line number="79" hits="219598" branch="false"/>
						<line number="81" hits="201582" branch="false"/>
						<line number="83" hits="45565" branch="false"/>
						<line number="84" hits="45565" branch="false"/>
						<line number="85" hits="40766" branch="false"/>
						<line number="86" hits="40766" branch="false"/>
						<line number="87" hits="135826" branch="false"/>
						<line number="89" hits="124782" branch="false"/>
						<line number="91" hits="16199" branch="false"/>
						<line number="92" hits="16199" branch="false"/>
						<line number="93" hits="14214" branch="false"/>
						<line number="94" hits="14214" branch="false"/>
						<line number="96" hits="32398" branch="false"/>
						<line number="97" hits="16199" branch="false"/>
						<line number="98" hits="28428" branch="false"/>
						<line number="99" hits="14214" branch="false"/>
					</lines>
				</class>
				<class name="es.deusto.bspq18.e6.DeustoBox.Server.dto.DMessageDTO" filename="es/deusto/bspq18/e6/DeustoBox/Server/dto/DMessageDTO.java" line-rate="1.0" branch-rate="1.0" complexity="1.0">
					<methods>
						<method name="&lt;init&gt;" signature="(ILjava/lang/String;Ljava/lang/String;Ljava/lang/String;Ljava/lang/String;)V" line-rate="1.0" branch-rate="1.0">
							<lines>
								<line number="30" hits="88728" branch="false"/>
								<line number="31" hits="88728" branch="false"/>
								<line number="32" hits="88728" branch="false"/>
								<line number="33" hits="18024" branch="false"/>
								<line number="34" hits="33567" branch="false"/>
								<line number="35" hits="33567" branch="false"/>
								<line number="36" hits="33567" branch="false"/>
								<line number="37" hits="33567" branch="false"/>
								<line number="38" hits="15543" branch="false"/>
								<line number="39" hits="15543" branch="false"/>
								<line number="40" hits="15543" branch="false"/>
								<line number="41" hits="15543" branch="false"/>
							</lines>
						</method>
						<method name="&lt;init&gt;" signature="(ILjava/lang/String;Ljava/lang/String;Ljava/lang/String;Ljava/lang/String;Ljava/util/Date;)V" line-rate="1.0" branch-rate="1.0">
							<lines>
								<line number="21" hits="159728" branch="false"/>
								<line number="22" hits="159728" branch="false"/>
								<line number="23" hits="73481" branch="false"/>
								<line number="24" hits="73481" branch="false"/>
								<line number="25" hits="144185" branch="false"/>
								<line number="26" hits="144185" branch="false"/>
								<line number="27" hits="144185" branch="false"/>
								<line number="28" hits="144185" branch="false"/>
								<line number="29" hits="70704" branch="false"/>
							</lines>
						</method>
						<method name="getDate" signature="()Ljava/util/Date;" line-rate="1.0" branch-rate="1.0">
							<lines>
								<line number="72" hits="143774" branch="false"/>
								<line number="76" hits="120158" branch="false"/>
							</lines>
						</method>
						<method name="getEmailTo" signature="()Ljava/lang/String;" line-rate="1.0" branch-rate="1.0">
							<lines>
								<line number="62" hits="143774" branch="false"/>
								<line number="66" hits="120158" branch="false"/>
							</lines>
						</method>
						<method name="getEmailfrom" signature="()Ljava/lang/String;" line-rate="1.0" branch-rate="1.0">
							<lines>
								<line number="52" hits="143774" branch="false"/>
								<line number="56" hits="120158" branch="false"/>
							</lines>
						</method>
						<method name="getMessageId" signature="()I" line-rate="1.0" branch-rate="1.0">
							<lines>
								<line number="42" hits="54759" branch="false"/>
								<line number="46" hits="49454" branch="false"/>
							</lines>
						</method>
						<method name="getSubject" signature="()Ljava/lang/String;" line-rate="1.0" branch-rate="1.0">
							<lines>
								<line number="82" hits="143776" branch="false"/>
								<line number="86" hits="120158" branch="false"/>
							</lines>
						</method>
						<method name="getText" signature="()Ljava/lang/String;" line-rate="1.0" branch-rate="1.0">
							<lines>
								<line number="92" hits="143776" branch="false"/>
								<line number="96" hits="120158" branch="false"/>
							</lines>
						</method>
						<method name="setDate" signature="(Ljava/util/Date;)V" line-rate="1.0" branch-rate="1.0">
							<lines>
								<line number="77" hits="18020" branch="false"/>
								<line number="78" hits="18020" branch="false"/>
								<line number="81" hits="15538" branch="false"/>
							</lines>
						</method>
						<method name="setEmailTo" signature="(Ljava/lang/String;)V" line-rate="1.0" branch-rate="1.0">
							<lines>
								<line number="67" hits="18020" branch="false"/>
								<line number="68" hits="18020" branch="false"/>
								<line number="71" hits="15538" branch="false"/>
							</lines>
						</method>
						<method name="setEmailfrom" signature="(Ljava/lang/String;)V" line-rate="1.0" branch-rate="1.0">
							<lines>
								<line number="57" hits="18020" branch="false"/>
								<line number="58" hits="18020" branch="false"/>
								<line number="61" hits="15538" branch="false"/>
							</lines>
						</method>
						<method name="setMessageId" signature="(I)V" line-rate="1.0" branch-rate="1.0">
							<lines>
								<line number="47" hits="18020" branch="false"/>
								<line number="48" hits="18020" branch="false"/>
								<line number="51" hits="15538" branch="false"/>
							</lines>
						</method>
						<method name="setSubject" signature="(Ljava/lang/String;)V" line-rate="1.0" branch-rate="1.0">
							<lines>
								<line number="87" hits="18020" branch="false"/>
								<line number="88" hits="18020" branch="false"/>
								<line number="91" hits="15538" branch="false"/>
							</lines>
						</method>
						<method name="setText" signature="(Ljava/lang/String;)V" line-rate="1.0" branch-rate="1.0">
							<lines>
								<line number="97" hits="18020" branch="false"/>
								<line number="98" hits="18020" branch="false"/>
								<line number="101" hits="15538" branch="false"/>
							</lines>
						</method>
						<method name="toString" signature="()Ljava/lang/String;" line-rate="1.0" branch-rate="1.0">
							<lines>
								<line number="102" hits="51578" branch="false"/>
								<line number="103" hits="18020" branch="false"/>
								<line number="107" hits="31076" branch="false"/>
								<line number="108" hits="15538" branch="false"/>
							</lines>
						</method>
					</methods>
					<lines>
						<line number="21" hits="159728" branch="false"/>
						<line number="22" hits="159728" branch="false"/>
						<line number="23" hits="73481" branch="false"/>
						<line number="24" hits="73481" branch="false"/>
						<line number="25" hits="144185" branch="false"/>
						<line number="26" hits="144185" branch="false"/>
						<line number="27" hits="144185" branch="false"/>
						<line number="28" hits="144185" branch="false"/>
						<line number="29" hits="70704" branch="false"/>
						<line number="30" hits="88728" branch="false"/>
						<line number="31" hits="88728" branch="false"/>
						<line number="32" hits="88728" branch="false"/>
						<line number="33" hits="18024" branch="false"/>
						<line number="34" hits="33567" branch="false"/>
						<line number="35" hits="33567" branch="false"/>
						<line number="36" hits="33567" branch="false"/>
						<line number="37" hits="33567" branch="false"/>
						<line number="38" hits="15543" branch="false"/>
						<line number="39" hits="15543" branch="false"/>
						<line number="40" hits="15543" branch="false"/>
						<line number="41" hits="15543" branch="false"/>
						<line number="42" hits="54759" branch="false"/>
						<line number="46" hits="49454" branch="false"/>
						<line number="47" hits="18020" branch="false"/>
						<line number="48" hits="18020" branch="false"/>
						<line number="51" hits="15538" branch="false"/>
						<line number="52" hits="143774" branch="false"/>
						<line number="56" hits="120158" branch="false"/>
						<line number="57" hits="18020" branch="false"/>
						<line number="58" hits="18020" branch="false"/>
						<line number="61" hits="15538" branch="false"/>
						<line number="62" hits="143774" branch="false"/>
						<line number="66" hits="120158" branch="false"/>
						<line number="67" hits="18020" branch="false"/>
						<line number="68" hits="18020" branch="false"/>
						<line number="71" hits="15538" branch="false"/>
						<line number="72" hits="143774" branch="false"/>
						<line number="76" hits="120158" branch="false"/>
						<line number="77" hits="18020" branch="false"/>
						<line number="78" hits="18020" branch="false"/>
						<line number="81" hits="15538" branch="false"/>
						<line number="82" hits="143776" branch="false"/>
						<line number="86" hits="120158" branch="false"/>
						<line number="87" hits="18020" branch="false"/>
						<line number="88" hits="18020" branch="false"/>
						<line number="91" hits="15538" branch="false"/>
						<line number="92" hits="143776" branch="false"/>
						<line number="96" hits="120158" branch="false"/>
						<line number="97" hits="18020" branch="false"/>
						<line number="98" hits="18020" branch="false"/>
						<line number="101" hits="15538" branch="false"/>
						<line number="102" hits="51578" branch="false"/>
						<line number="103" hits="18020" branch="false"/>
						<line number="107" hits="31076" branch="false"/>
						<line number="108" hits="15538" branch="false"/>
					</lines>
				</class>
				<class name="es.deusto.bspq18.e6.DeustoBox.Server.dto.DUserDTO" filename="es/deusto/bspq18/e6/DeustoBox/Server/dto/DUserDTO.java" line-rate="1.0" branch-rate="1.0" complexity="1.0">
					<methods>
						<method name="&lt;init&gt;" signature="(Ljava/lang/String;Ljava/lang/String;Ljava/lang/String;Ljava/util/Date;)V" line-rate="1.0" branch-rate="1.0">
							<lines>
								<line number="21" hits="221343" branch="false"/>
								<line number="22" hits="221342" branch="false"/>
								<line number="23" hits="243269" branch="false"/>
								<line number="24" hits="464612" branch="false"/>
								<line number="25" hits="464612" branch="false"/>
								<line number="26" hits="464612" branch="false"/>
								<line number="27" hits="464611" branch="false"/>
								<line number="28" hits="464609" branch="false"/>
								<line number="29" hits="464608" branch="false"/>
								<line number="30" hits="221341" branch="false"/>
							</lines>
						</method>
						<method name="getEmail" signature="()Ljava/lang/String;" line-rate="1.0" branch-rate="1.0">
							<lines>
								<line number="32" hits="219480" branch="false"/>
								<line number="33" hits="204352" branch="false"/>
							</lines>
						</method>
						<method name="getFiles" signature="()Ljava/util/ArrayList;" line-rate="1.0" branch-rate="1.0">
							<lines>
								<line number="66" hits="74064" branch="false"/>
								<line number="67" hits="69803" branch="false"/>
							</lines>
						</method>
						<method name="getPassword" signature="()Ljava/lang/String;" line-rate="1.0" branch-rate="1.0">
							<lines>
								<line number="48" hits="188117" branch="false"/>
								<line number="49" hits="175802" branch="false"/>
							</lines>
						</method>
						<method name="getRegisteredDate" signature="()Ljava/util/Date;" line-rate="1.0" branch-rate="1.0">
							<lines>
								<line number="58" hits="56027" branch="false"/>
								<line number="59" hits="52001" branch="false"/>
							</lines>
						</method>
						<method name="getUsername" signature="()Ljava/lang/String;" line-rate="1.0" branch-rate="1.0">
							<lines>
								<line number="40" hits="110925" branch="false"/>
								<line number="41" hits="102129" branch="false"/>
							</lines>
						</method>
						<method name="removeFile" signature="(Les/deusto/bspq18/e6/DeustoBox/Server/jdo/data/DFile;)V" line-rate="1.0" branch-rate="1.0">
							<lines>
								<line number="74" hits="37596" branch="false"/>
								<line number="75" hits="73432" branch="false"/>
								<line number="76" hits="35836" branch="false"/>
							</lines>
						</method>
						<method name="setEmail" signature="(Ljava/lang/String;)V" line-rate="1.0" branch-rate="1.0">
							<lines>
								<line number="36" hits="56027" branch="false"/>
								<line number="37" hits="108028" branch="false"/>
								<line number="38" hits="52001" branch="false"/>
							</lines>
						</method>
						<method name="setFiles" signature="(Ljava/util/ArrayList;)V" line-rate="1.0" branch-rate="1.0">
							<lines>
								<line number="70" hits="208635" branch="false"/>
								<line number="71" hits="399596" branch="false"/>
								<line number="72" hits="190961" branch="false"/>
							</lines>
						</method>
						<method name="setPassword" signature="(Ljava/lang/String;)V" line-rate="1.0" branch-rate="1.0">
							<lines>
								<line number="52" hits="56027" branch="false"/>
								<line number="53" hits="108028" branch="false"/>
								<line number="54" hits="52001" branch="false"/>
							</lines>
						</method>
						<method name="setRegisteredDate" signature="(Ljava/util/Date;)V" line-rate="1.0" branch-rate="1.0">
							<lines>
								<line number="62" hits="18431" branch="false"/>
								<line number="63" hits="34596" branch="false"/>
								<line number="64" hits="16165" branch="false"/>
							</lines>
						</method>
						<method name="setUsername" signature="(Ljava/lang/String;)V" line-rate="1.0" branch-rate="1.0">
							<lines>
								<line number="44" hits="18431" branch="false"/>
								<line number="45" hits="34596" branch="false"/>
								<line number="46" hits="16165" branch="false"/>
							</lines>
						</method>
						<method name="toString" signature="()Ljava/lang/String;" line-rate="1.0" branch-rate="1.0">
							<lines>
								<line number="79" hits="69260" branch="false"/>
								<line number="80" hits="65009" branch="false"/>
							</lines>
						</method>
					</methods>
					<lines>
						<line number="21" hits="221343" branch="false"/>
						<line number="22" hits="221342" branch="false"/>
						<line number="23" hits="243269" branch="false"/>
						<line number="24" hits="464612" branch="false"/>
						<line number="25" hits="464612" branch="false"/>
						<line number="26" hits="464612" branch="false"/>
						<line number="27" hits="464611" branch="false"/>
						<line number="28" hits="464609" branch="false"/>
						<line number="29" hits="464608" branch="false"/>
						<line number="30" hits="221341" branch="false"/>
						<line number="32" hits="219480" branch="false"/>
						<line number="33" hits="204352" branch="false"/>
						<line number="36" hits="56027" branch="false"/>
						<line number="37" hits="108028" branch="false"/>
						<line number="38" hits="52001" branch="false"/>
						<line number="40" hits="110925" branch="false"/>
						<line number="41" hits="102129" branch="false"/>
						<line number="44" hits="18431" branch="false"/>
						<line number="45" hits="34596" branch="false"/>
						<line number="46" hits="16165" branch="false"/>
						<line number="48" hits="188117" branch="false"/>
						<line number="49" hits="175802" branch="false"/>
						<line number="52" hits="56027" branch="false"/>
						<line number="53" hits="108028" branch="false"/>
						<line number="54" hits="52001" branch="false"/>
						<line number="58" hits="56027" branch="false"/>
						<line number="59" hits="52001" branch="false"/>
						<line number="62" hits="18431" branch="false"/>
						<line number="63" hits="34596" branch="false"/>
						<line number="64" hits="16165" branch="false"/>
						<line number="66" hits="74064" branch="false"/>
						<line number="67" hits="69803" branch="false"/>
						<line number="70" hits="208635" branch="false"/>
						<line number="71" hits="399596" branch="false"/>
						<line number="72" hits="190961" branch="false"/>
						<line number="74" hits="37596" branch="false"/>
						<line number="75" hits="73432" branch="false"/>
						<line number="76" hits="35836" branch="false"/>
						<line number="79" hits="69260" branch="false"/>
						<line number="80" hits="65009" branch="false"/>
					</lines>
				</class>
			</classes>
		</package>
		<package name="es.deusto.bspq18.e6.DeustoBox.Server.jdo.dao" line-rate="0.8068459657701712" branch-rate="0.6129032258064516" complexity="2.8863636363636362">
			<classes>
				<class name="es.deusto.bspq18.e6.DeustoBox.Server.jdo.dao.DeustoBoxDAO" filename="es/deusto/bspq18/e6/DeustoBox/Server/jdo/dao/DeustoBoxDAO.java" line-rate="0.8068459657701712" branch-rate="0.6129032258064516" complexity="4.608695652173913">
					<methods>
						<method name="&lt;init&gt;" signature="(Les/deusto/bspq18/e6/DeustoBox/Server/utils/Error_log;Ljava/util/ResourceBundle;)V" line-rate="1.0" branch-rate="1.0">
							<lines>
								<line number="29" hits="19" branch="false"/>
								<line number="30" hits="19" branch="false"/>
								<line number="31" hits="19" branch="false"/>
								<line number="32" hits="19" branch="false"/>
								<line number="34" hits="19" branch="false"/>
							</lines>
						</method>
						<method name="addConnection" signature="(Les/deusto/bspq18/e6/DeustoBox/Server/jdo/data/DConnection;)Z" line-rate="0.7777777777777778" branch-rate="0.5">
							<lines>
								<line number="454" hits="234" branch="false"/>
								<line number="455" hits="234" branch="false"/>
								<line number="456" hits="234" branch="false"/>
								<line number="459" hits="234" branch="false"/>
								<line number="460" hits="234" branch="false"/>
								<line number="461" hits="234" branch="false"/>
								<line number="462" hits="234" branch="false"/>
								<line number="464" hits="234" branch="false"/>
								<line number="465" hits="234" branch="false"/>
								<line number="466" hits="234" branch="false"/>
								<line number="468" hits="0" branch="false"/>
								<line number="469" hits="0" branch="false"/>
								<line number="470" hits="0" branch="false"/>
								<line number="472" hits="234" branch="true" condition-coverage="50% (1/2)">
									<conditions>
										<condition number="0" type="jump" coverage="50%"/>
									</conditions>
								</line>
								<line number="473" hits="0" branch="false"/>
								<line number="476" hits="234" branch="false"/>
								<line number="477" hits="234" branch="false"/>
								<line number="479" hits="234" branch="false"/>
							</lines>
						</method>
[...]
							<lines>
								<line number="333" hits="0" branch="false"/>
								<line number="334" hits="2" branch="false"/>
								<line number="335" hits="2" branch="false"/>
								<line number="336" hits="2" branch="false"/>
								<line number="337" hits="2" branch="false"/>
							</lines>
						</method>
						<method name="checkPassword" signature="(Ljava/lang/String;Ljava/lang/String;)Z" line-rate="1.0" branch-rate="1.0">
							<lines>
								<line number="172" hits="3" branch="false"/>
								<line number="173" hits="5" branch="false"/>
								<line number="174" hits="5" branch="false"/>
								<line number="175" hits="2" branch="false"/>
							</lines>
						</method>
						<method name="getConnections" signature="(Ljava/lang/String;)Ljava/util/ArrayList;" line-rate="1.0" branch-rate="1.0">
							<lines>
								<line number="304" hits="3" branch="false"/>
								<line number="305" hits="5" branch="false"/>
								<line number="306" hits="2" branch="false"/>
								<line number="307" hits="3" branch="false"/>
								<line number="308" hits="5" branch="false"/>
								<line number="309" hits="2" branch="false"/>
							</lines>
						</method>
						<method name="getDb" signature="()Les/deusto/bspq18/e6/DeustoBox/Server/jdo/dao/IDeustoBoxDAO;" line-rate="0.0" branch-rate="1.0">
							<lines>
								<line number="244" hits="0" branch="false"/>
								<line number="245" hits="0" branch="false"/>
							</lines>
						</method>
						<method name="getFiles" signature="(Ljava/lang/String;)Ljava/util/ArrayList;" line-rate="0.42857142857142855" branch-rate="1.0">
							<lines>
								<line number="127" hits="3" branch="false"/>
								<line number="128" hits="0" branch="false"/>
								<line number="129" hits="3" branch="false"/>
								<line number="130" hits="3" branch="false"/>
								<line number="131" hits="0" branch="false"/>
								<line number="132" hits="0" branch="false"/>
								<line number="133" hits="0" branch="false"/>
							</lines>
						</method>
						<method name="getInstaller" signature="()Les/deusto/bspq18/e6/DeustoBox/Server/gui/v_installer;" line-rate="1.0" branch-rate="1.0">
							<lines>
								<line number="204" hits="6" branch="false"/>
								<line number="205" hits="2" branch="false"/>
							</lines>
						</method>
						<method name="getMessages" signature="(Ljava/lang/String;)Ljava/util/ArrayList;" line-rate="1.0" branch-rate="1.0">
							<lines>
								<line number="319" hits="3" branch="false"/>
								<line number="320" hits="7" branch="false"/>
								<line number="321" hits="7" branch="false"/>
								<line number="322" hits="7" branch="false"/>
								<line number="323" hits="7" branch="false"/>
								<line number="324" hits="4" branch="false"/>
							</lines>
						</method>
						<method name="getNewMessageId" signature="()I" line-rate="1.0" branch-rate="1.0">
							<lines>
								<line number="345" hits="3" branch="false"/>
								<line number="346" hits="5" branch="false"/>
								<line number="347" hits="5" branch="false"/>
								<line number="348" hits="2" branch="false"/>
							</lines>
						</method>
						<method name="getNumberOfUserFiles" signature="(Ljava/lang/String;)I" line-rate="1.0" branch-rate="1.0">
							<lines>
								<line number="220" hits="3" branch="false"/>
								<line number="221" hits="5" branch="false"/>
								<line number="222" hits="5" branch="false"/>
								<line number="223" hits="2" branch="false"/>
							</lines>
						</method>
						<method name="getNumberOfUserMessages" signature="(Ljava/lang/String;)I" line-rate="1.0" branch-rate="1.0">
							<lines>
								<line number="357" hits="6" branch="false"/>
								<line number="358" hits="10" branch="false"/>
								<line number="359" hits="10" branch="false"/>
								<line number="360" hits="4" branch="false"/>
							</lines>
						</method>
						<method name="login" signature="(Ljava/lang/String;Ljava/lang/String;Ljava/lang/String;)Les/deusto/bspq18/e6/DeustoBox/Server/dto/DUserDTO;" line-rate="0.8571428571428571" branch-rate="0.25">
							<lines>
								<line number="110" hits="798" branch="false"/>
								<line number="111" hits="932" branch="false"/>
								<line number="112" hits="134" branch="true" condition-coverage="0% (0/2)">
									<conditions>
										<condition number="0" type="jump" coverage="0%"/>
									</conditions>
								</line>
								<line number="113" hits="134" branch="true" condition-coverage="50% (1/2)">
									<conditions>
										<condition number="0" type="jump" coverage="50%"/>
									</conditions>
								</line>
								<line number="114" hits="134" branch="false"/>
								<line number="115" hits="0" branch="false"/>
								<line number="116" hits="134" branch="false"/>
							</lines>
						</method>
						<method name="sendData" signature="(Ljava/lang/String;[BI)Z" line-rate="0.0" branch-rate="1.0">
							<lines>
								<line number="149" hits="0" branch="false"/>
								<line number="150" hits="0" branch="false"/>
								<line number="151" hits="0" branch="false"/>
								<line number="152" hits="0" branch="false"/>
								<line number="153" hits="0" branch="false"/>
								<line number="154" hits="0" branch="false"/>
								<line number="155" hits="0" branch="false"/>
								<line number="156" hits="0" branch="false"/>
								<line number="157" hits="0" branch="false"/>
								<line number="158" hits="0" branch="false"/>
								<line number="159" hits="0" branch="false"/>
							</lines>
						</method>
						<method name="setDb" signature="(Les/deusto/bspq18/e6/DeustoBox/Server/jdo/dao/IDeustoBoxDAO;)V" line-rate="0.0" branch-rate="1.0">
							<lines>
								<line number="252" hits="0" branch="false"/>
								<line number="253" hits="0" branch="false"/>
								<line number="254" hits="0" branch="false"/>
							</lines>
						</method>
						<method name="setFiletoWrite" signature="(Ljava/lang/String;)V" line-rate="0.0" branch-rate="1.0">
							<lines>
								<line number="208" hits="0" branch="false"/>
								<line number="209" hits="0" branch="false"/>
								<line number="210" hits="0" branch="false"/>
							</lines>
						</method>
						<method name="setPath" signature="(Ljava/lang/String;)V" line-rate="0.0" branch-rate="1.0">
							<lines>
								<line number="200" hits="0" branch="false"/>
								<line number="201" hits="0" branch="false"/>
								<line number="202" hits="0" branch="false"/>
							</lines>
						</method>
						<method name="signUp" signature="(Ljava/lang/String;Ljava/lang/String;Ljava/lang/String;)Les/deusto/bspq18/e6/DeustoBox/Server/dto/DUserDTO;" line-rate="0.7333333333333333" branch-rate="0.5">
							<lines>
								<line number="78" hits="5" branch="false"/>
								<line number="79" hits="5" branch="false"/>
								<line number="80" hits="5" branch="false"/>
								<line number="81" hits="5" branch="false"/>
								<line number="82" hits="2" branch="false"/>
								<line number="83" hits="3" branch="true" condition-coverage="50% (1/2)">
									<conditions>
										<condition number="0" type="jump" coverage="50%"/>
									</conditions>
								</line>
								<line number="84" hits="2" branch="true" condition-coverage="50% (1/2)">
									<conditions>
										<condition number="0" type="jump" coverage="50%"/>
									</conditions>
								</line>
								<line number="85" hits="3" branch="false"/>
								<line number="86" hits="5" branch="false"/>
								<line number="87" hits="0" branch="false"/>
								<line number="88" hits="0" branch="false"/>
								<line number="89" hits="3" branch="false"/>
								<line number="90" hits="2" branch="false"/>
								<line number="92" hits="0" branch="false"/>
								<line number="93" hits="0" branch="false"/>
							</lines>
						</method>
						<method name="updatePassword" signature="(Ljava/lang/String;Ljava/lang/String;)Z" line-rate="0.0" branch-rate="1.0">
							<lines>
								<line number="188" hits="0" branch="false"/>
								<line number="189" hits="0" branch="false"/>
								<line number="190" hits="0" branch="false"/>
								<line number="191" hits="0" branch="false"/>
							</lines>
						</method>
					</methods>
					<lines>
						<line number="34" hits="6" branch="false"/>
						<line number="39" hits="0" branch="false"/>
						<line number="40" hits="0" branch="false"/>
						<line number="41" hits="0" branch="false"/>
						<line number="42" hits="4" branch="false"/>
						<line number="43" hits="0" branch="false"/>
						<line number="44" hits="0" branch="false"/>
						<line number="54" hits="5" branch="false"/>
						<line number="55" hits="5" branch="false"/>
						<line number="56" hits="5" branch="false"/>
						<line number="57" hits="5" branch="false"/>
						<line number="58" hits="5" branch="false"/>
						<line number="59" hits="5" branch="false"/>
						<line number="60" hits="5" branch="false"/>
						<line number="61" hits="5" branch="false"/>
						<line number="62" hits="5" branch="false"/>
						<line number="63" hits="5" branch="false"/>
						<line number="78" hits="5" branch="false"/>
						<line number="79" hits="5" branch="false"/>
						<line number="80" hits="5" branch="false"/>
						<line number="81" hits="5" branch="false"/>
						<line number="82" hits="2" branch="false"/>
						<line number="83" hits="3" branch="true" condition-coverage="50% (1/2)">
							<conditions>
								<condition number="0" type="jump" coverage="50%"/>
							</conditions>
						</line>
						<line number="84" hits="2" branch="true" condition-coverage="50% (1/2)">
							<conditions>
								<condition number="0" type="jump" coverage="50%"/>
							</conditions>
						</line>
						<line number="85" hits="3" branch="false"/>
						<line number="86" hits="5" branch="false"/>
						<line number="87" hits="0" branch="false"/>
						<line number="88" hits="0" branch="false"/>
						<line number="89" hits="3" branch="false"/>
						<line number="90" hits="2" branch="false"/>
						<line number="92" hits="0" branch="false"/>
						<line number="93" hits="0" branch="false"/>
						<line number="110" hits="798" branch="false"/>
						<line number="111" hits="932" branch="false"/>
						<line number="112" hits="134" branch="true" condition-coverage="0% (0/2)">
							<conditions>
								<condition number="0" type="jump" coverage="0%"/>
							</conditions>
						</line>
						<line number="113" hits="134" branch="true" condition-coverage="50% (1/2)">
							<conditions>
								<condition number="0" type="jump" coverage="50%"/>
							</conditions>
						</line>
						<line number="114" hits="134" branch="false"/>
						<line number="115" hits="0" branch="false"/>
						<line number="116" hits="134" branch="false"/>
						<line number="127" hits="3" branch="false"/>
						<line number="128" hits="0" branch="false"/>
						<line number="129" hits="3" branch="false"/>
						<line number="130" hits="3" branch="false"/>
						<line number="131" hits="0" branch="false"/>
						<line number="132" hits="0" branch="false"/>
						<line number="133" hits="0" branch="false"/>
						<line number="149" hits="0" branch="false"/>
						<line number="150" hits="0" branch="false"/>
						<line number="151" hits="0" branch="false"/>
						<line number="152" hits="0" branch="false"/>
						<line number="153" hits="0" branch="false"/>
						<line number="154" hits="0" branch="false"/>
						<line number="155" hits="0" branch="false"/>
						<line number="156" hits="0" branch="false"/>
						<line number="157" hits="0" branch="false"/>
						<line number="158" hits="0" branch="false"/>
						<line number="159" hits="0" branch="false"/>
						<line number="172" hits="3" branch="false"/>
						<line number="173" hits="5" branch="false"/>
						<line number="174" hits="5" branch="false"/>
						<line number="175" hits="2" branch="false"/>
						<line number="188" hits="0" branch="false"/>
						<line number="189" hits="0" branch="false"/>
						<line number="190" hits="0" branch="false"/>
						<line number="191" hits="0" branch="false"/>
						<line number="200" hits="0" branch="false"/>
						<line number="201" hits="0" branch="false"/>
						<line number="202" hits="0" branch="false"/>
						<line number="204" hits="6" branch="false"/>
						<line number="205" hits="2" branch="false"/>
						<line number="208" hits="0" branch="false"/>
						<line number="209" hits="0" branch="false"/>
						<line number="210" hits="0" branch="false"/>
						<line number="220" hits="3" branch="false"/>
						<line number="221" hits="5" branch="false"/>
						<line number="222" hits="5" branch="false"/>
						<line number="223" hits="2" branch="false"/>
						<line number="235" hits="0" branch="false"/>
						<line number="236" hits="0" branch="false"/>
						<line number="237" hits="0" branch="false"/>
						<line number="238" hits="0" branch="false"/>
						<line number="239" hits="0" branch="false"/>
						<line number="244" hits="0" branch="false"/>
						<line number="245" hits="0" branch="false"/>
						<line number="252" hits="0" branch="false"/>
						<line number="253" hits="0" branch="false"/>
						<line number="254" hits="0" branch="false"/>
						<line number="255" hits="3" branch="false"/>
						<line number="256" hits="2" branch="false"/>
						<line number="289" hits="0" branch="false"/>
						<line number="290" hits="134" branch="false"/>
						<line number="291" hits="134" branch="false"/>
						<line number="292" hits="134" branch="false"/>
						<line number="293" hits="134" branch="false"/>
						<line number="294" hits="0" branch="false"/>
						<line number="295" hits="134" branch="false"/>
						<line number="304" hits="3" branch="false"/>
						<line number="305" hits="5" branch="false"/>
						<line number="306" hits="2" branch="false"/>
						<line number="307" hits="3" branch="false"/>
						<line number="308" hits="5" branch="false"/>
						<line number="309" hits="2" branch="false"/>
						<line number="319" hits="3" branch="false"/>
						<line number="320" hits="7" branch="false"/>
						<line number="321" hits="7" branch="false"/>
						<line number="322" hits="7" branch="false"/>
						<line number="323" hits="7" branch="false"/>
						<line number="324" hits="4" branch="false"/>
						<line number="333" hits="0" branch="false"/>
						<line number="334" hits="2" branch="false"/>
						<line number="335" hits="2" branch="false"/>
						<line number="336" hits="2" branch="false"/>
						<line number="337" hits="2" branch="false"/>
						<line number="345" hits="3" branch="false"/>
						<line number="346" hits="5" branch="false"/>
						<line number="347" hits="5" branch="false"/>
						<line number="348" hits="2" branch="false"/>
						<line number="357" hits="6" branch="false"/>
						<line number="358" hits="10" branch="false"/>
						<line number="359" hits="10" branch="false"/>
						<line number="360" hits="4" branch="false"/>
						<line number="370" hits="0" branch="false"/>
						<line number="371" hits="0" branch="false"/>
						<line number="372" hits="0" branch="false"/>
					</lines>
				</class>
				<class name="es.deusto.bspq18.e6.DeustoBox.Server.remote.DeustoBoxRemoteService$1" filename="es/deusto/bspq18/e6/DeustoBox/Server/remote/DeustoBoxRemoteService.java" line-rate="0.2857142857142857" branch-rate="1.0" complexity="1.3181818181818181">
					<methods>
						<method name="&lt;init&gt;" signature="(Les/deusto/bspq18/e6/DeustoBox/Server/remote/DeustoBoxRemoteService;)V" line-rate="1.0" branch-rate="1.0">
							<lines>
								<line number="1" hits="2" branch="false"/>
								<line number="255" hits="3" branch="false"/>
								<line number="256" hits="2" branch="false"/>
							</lines>
						</method>
						<method name="run" signature="()V" line-rate="0.16666666666666666" branch-rate="1.0">
							<lines>
								<line number="258" hits="0" branch="false"/>
								<line number="259" hits="3" branch="false"/>
								<line number="260" hits="5" branch="false"/>
								<line number="261" hits="2" branch="false"/>
								<line number="262" hits="0" branch="false"/>
								<line number="263" hits="0" branch="false"/>
								<line number="264" hits="0" branch="false"/>
								<line number="265" hits="0" branch="false"/>
								<line number="266" hits="0" branch="false"/>
								<line number="267" hits="0" branch="false"/>
								<line number="268" hits="0" branch="false"/>
								<line number="269" hits="0" branch="false"/>
								<line number="270" hits="0" branch="false"/>
								<line number="271" hits="0" branch="false"/>
								<line number="272" hits="0" branch="false"/>
								<line number="273" hits="0" branch="false"/>
								<line number="274" hits="0" branch="false"/>
								<line number="275" hits="0" branch="false"/>
							</lines>
						</method>
					</methods>
					<lines>
						<line number="1" hits="2" branch="false"/>
						<line number="255" hits="3" branch="false"/>
						<line number="256" hits="2" branch="false"/>
						<line number="258" hits="0" branch="false"/>
						<line number="259" hits="3" branch="false"/>
						<line number="260" hits="5" branch="false"/>
						<line number="261" hits="2" branch="false"/>
						<line number="262" hits="0" branch="false"/>
						<line number="263" hits="0" branch="false"/>
						<line number="264" hits="0" branch="false"/>
						<line number="265" hits="0" branch="false"/>
						<line number="266" hits="0" branch="false"/>
						<line number="267" hits="0" branch="false"/>
						<line number="268" hits="0" branch="false"/>
						<line number="269" hits="0" branch="false"/>
						<line number="270" hits="0" branch="false"/>
						<line number="271" hits="0" branch="false"/>
						<line number="272" hits="0" branch="false"/>
						<line number="273" hits="0" branch="false"/>
						<line number="274" hits="0" branch="false"/>
						<line number="275" hits="0" branch="false"/>
					</lines>
				</class>
				<class name="es.deusto.bspq18.e6.DeustoBox.Server.remote.IDeustoBoxRemoteService" filename="es/deusto/bspq18/e6/DeustoBox/Server/remote/IDeustoBoxRemoteService.java" line-rate="1.0" branch-rate="1.0" complexity="1.0">
					<methods>
					</methods>
					<lines>
					</lines>
				</class>
			</classes>
		</package>
		<package name="es.deusto.bspq18.e6.DeustoBox.Server.utils" line-rate="1.0" branch-rate="1.0" complexity="1.0">
			<classes>
				<class name="es.deusto.bspq18.e6.DeustoBox.Server.utils.Error_log" filename="es/deusto/bspq18/e6/DeustoBox/Server/utils/Error_log.java" line-rate="1.0" branch-rate="1.0" complexity="1.0">
					<methods>
						<method name="&lt;init&gt;" signature="()V" line-rate="1.0" branch-rate="1.0">
							<lines>
								<line number="18" hits="76" branch="false"/>
								<line number="19" hits="76" branch="false"/>
								<line number="20" hits="76" branch="false"/>
							</lines>
						</method>
						<method name="getLogger" signature="()Lorg/apache/log4j/Logger;" line-rate="1.0" branch-rate="1.0">
							<lines>
								<line number="26" hits="1033692" branch="false"/>
							</lines>
						</method>
					</methods>
					<lines>
						<line number="18" hits="76" branch="false"/>
						<line number="19" hits="76" branch="false"/>
						<line number="20" hits="76" branch="false"/>
						<line number="26" hits="1033692" branch="false"/>
					</lines>
				</class>
			</classes>
		</package>
	</packages>
</coverage>
